<?xml version="1.0" encoding="UTF-8"?>
<!-- Generated by org.testng.reporters.JUnitReportReporter -->
<testsuite skipped="0" hostname="5CG6323N27" name="com.Android.TestCases.ApiDemosBasicsTest" tests="9" failures="0" timestamp="2021-09-02T19:08:27 IST" time="79.857" errors="0">
  <testcase name="PreferenceTest" time="9.118" classname="com.Android.TestCases.ApiDemosBasicsTest"/>
  <system-out/>
  <testcase name="PreferenceTest" time="8.296" classname="com.Android.TestCases.ApiDemosBasicsTest"/>
  <system-out/>
  <testcase name="PreferenceTest" time="9.230" classname="com.Android.TestCases.ApiDemosBasicsTest"/>
  <system-out/>
  <testcase name="PreferenceTest" time="9.168" classname="com.Android.TestCases.ApiDemosBasicsTest"/>
  <system-out/>
  <testcase name="PreferenceTest" time="9.123" classname="com.Android.TestCases.ApiDemosBasicsTest"/>
  <system-out/>
  <testcase name="PreferenceTest" time="8.657" classname="com.Android.TestCases.ApiDemosBasicsTest"/>
  <system-out/>
  <testcase name="PreferenceTest" time="9.438" classname="com.Android.TestCases.ApiDemosBasicsTest"/>
  <system-out/>
  <testcase name="PreferenceTest" time="8.413" classname="com.Android.TestCases.ApiDemosBasicsTest"/>
  <system-out/>
  <testcase name="PreferenceTest" time="8.414" classname="com.Android.TestCases.ApiDemosBasicsTest"/>
  <system-out/>
</testsuite> <!-- com.Android.TestCases.ApiDemosBasicsTest -->
